<?xml version="1.0" encoding="UTF-8" standalone="no"?>
<testsuite failures="0" name="cucumber.runtime.formatter.JUnitFormatter" skipped="0" tests="1" time="17.252978">
    <testcase classname="Deal Creatation" name="Free CRM Create a new contact scenario" time="17.252978">
        <system-out><![CDATA[Given user is already onn Login Page........................................passed
When title of login page iss Free CRM.......................................passed
Then user enters username and password......................................passed
Then user click on login button.............................................passed
Then user is on new home page...............................................passed
Then user moves to new deal page............................................passed
Then user enters deal details...............................................passed
Then Closed the browser.....................................................passed
]]></system-out>
    </testcase>
</testsuite>
